==9531== Memcheck, a memory error detector
==9531== Copyright (C) 2002-2024, and GNU GPL'd, by Julian Seward et al.
==9531== Using Valgrind-3.25.0 and LibVEX; rerun with -h for copyright info
==9531== Command: nc -q 0 89.58.62.56 7777
==9531== Parent PID: 3266
==9531== 
==9531== 
==9531== HEAP SUMMARY:
==9531==     in use at exit: 14,877 bytes in 3 blocks
==9531==   total heap usage: 81 allocs, 78 frees, 35,547 bytes allocated
==9531== 
==9531== 5 bytes in 1 blocks are still reachable in loss record 1 of 3
==9531==    at 0x48D07A8: malloc (in /usr/lib/valgrind/vgpreload_memcheck-amd64-linux.so)
==9531==    by 0x49C2B3F: __vasprintf_internal (vasprintf.c:116)
==9531==    by 0x4A5CAE2: __asprintf_chk (asprintf_chk.c:34)
==9531==    by 0x4003344: UnknownInlinedFun (stdio2.h:206)
==9531==    by 0x4003344: UnknownInlinedFun (netcat.c:1890)
==9531==    by 0x4003344: main (netcat.c:877)
==9531== 
==9531== 472 bytes in 1 blocks are still reachable in loss record 2 of 3
==9531==    at 0x48D07A8: malloc (in /usr/lib/valgrind/vgpreload_memcheck-amd64-linux.so)
==9531==    by 0x49B8CC8: __fopen_internal (iofopen.c:65)
==9531==    by 0x48E85A8: init (connlogger.c:218)
==9531==    by 0x48E99C0: socket (connlogger.c:873)
==9531==    by 0x4005C75: remote_connect (netcat.c:1200)
==9531==    by 0x40039EA: main (netcat.c:900)
==9531== 
==9531== 14,400 bytes in 1 blocks are still reachable in loss record 3 of 3
==9531==    at 0x48D7C13: calloc (in /usr/lib/valgrind/vgpreload_memcheck-amd64-linux.so)
==9531==    by 0x48E85EF: init (connlogger.c:225)
==9531==    by 0x48E99C0: socket (connlogger.c:873)
==9531==    by 0x4005C75: remote_connect (netcat.c:1200)
==9531==    by 0x40039EA: main (netcat.c:900)
==9531== 
==9531== LEAK SUMMARY:
==9531==    definitely lost: 0 bytes in 0 blocks
==9531==    indirectly lost: 0 bytes in 0 blocks
==9531==      possibly lost: 0 bytes in 0 blocks
==9531==    still reachable: 14,877 bytes in 3 blocks
==9531==         suppressed: 0 bytes in 0 blocks
==9531== 
==9531== For lists of detected and suppressed errors, rerun with: -s
==9531== ERROR SUMMARY: 0 errors from 0 contexts (suppressed: 0 from 0)
